2021-06-12 13:30:22,870 [1] INFO Microsoft.Hosting.Lifetime - Application started. Press Ctrl+C to shut down.
2021-06-12 13:30:22,881 [1] INFO Microsoft.Hosting.Lifetime - Application started. Press Ctrl+C to shut down.
2021-06-12 13:30:22,884 [1] INFO Microsoft.Hosting.Lifetime - Hosting environment: Development
2021-06-12 13:30:22,884 [1] INFO Microsoft.Hosting.Lifetime - Hosting environment: Development
2021-06-12 13:30:22,884 [1] INFO Microsoft.Hosting.Lifetime - Content root path: C:\Users\zinga\Documents\GitHub\Retail-Product-Management\ProductMicroservices\ProductMicroservices
2021-06-12 13:30:22,884 [1] INFO Microsoft.Hosting.Lifetime - Content root path: C:\Users\zinga\Documents\GitHub\Retail-Product-Management\ProductMicroservices\ProductMicroservices
2021-06-12 13:30:22,955 [10] WARN Microsoft.AspNetCore.HttpsPolicy.HttpsRedirectionMiddleware - Failed to determine the https port for redirect.
2021-06-12 13:30:22,955 [10] WARN Microsoft.AspNetCore.HttpsPolicy.HttpsRedirectionMiddleware - Failed to determine the https port for redirect.
2021-06-12 13:32:38,394 [1] INFO Microsoft.Hosting.Lifetime - Application started. Press Ctrl+C to shut down.
2021-06-12 13:32:38,407 [1] INFO Microsoft.Hosting.Lifetime - Application started. Press Ctrl+C to shut down.
2021-06-12 13:32:38,411 [1] INFO Microsoft.Hosting.Lifetime - Hosting environment: Development
2021-06-12 13:32:38,411 [1] INFO Microsoft.Hosting.Lifetime - Hosting environment: Development
2021-06-12 13:32:38,411 [1] INFO Microsoft.Hosting.Lifetime - Content root path: C:\Users\zinga\Documents\GitHub\Retail-Product-Management\ProductMicroservices\ProductMicroservices
2021-06-12 13:32:38,411 [1] INFO Microsoft.Hosting.Lifetime - Content root path: C:\Users\zinga\Documents\GitHub\Retail-Product-Management\ProductMicroservices\ProductMicroservices
2021-06-12 13:32:38,502 [10] WARN Microsoft.AspNetCore.HttpsPolicy.HttpsRedirectionMiddleware - Failed to determine the https port for redirect.
2021-06-12 13:32:38,502 [10] WARN Microsoft.AspNetCore.HttpsPolicy.HttpsRedirectionMiddleware - Failed to determine the https port for redirect.
2021-06-12 13:33:14,891 [10] ERROR Microsoft.AspNetCore.Diagnostics.DeveloperExceptionPageMiddleware - An unhandled exception has occurred while executing the request.
System.ArgumentNullException: Value cannot be null. (Parameter 'connectionString')
   at Microsoft.EntityFrameworkCore.Utilities.Check.NotEmpty(String value, String parameterName)
   at Microsoft.EntityFrameworkCore.SqlServerDbContextOptionsExtensions.UseSqlServer(DbContextOptionsBuilder optionsBuilder, String connectionString, Action`1 sqlServerOptionsAction)
   at ProductMicroservices.Startup.<ConfigureServices>b__4_0(DbContextOptionsBuilder options) in C:\Users\zinga\Documents\GitHub\Retail-Product-Management\ProductMicroservices\ProductMicroservices\Startup.cs:line 41
   at Microsoft.Extensions.DependencyInjection.EntityFrameworkServiceCollectionExtensions.<>c__DisplayClass1_0`2.<AddDbContext>b__0(IServiceProvider p, DbContextOptionsBuilder b)
   at Microsoft.Extensions.DependencyInjection.EntityFrameworkServiceCollectionExtensions.CreateDbContextOptions[TContext](IServiceProvider applicationServiceProvider, Action`2 optionsAction)
   at Microsoft.Extensions.DependencyInjection.EntityFrameworkServiceCollectionExtensions.<>c__DisplayClass17_0`1.<AddCoreServices>b__0(IServiceProvider p)
   at Microsoft.Extensions.DependencyInjection.ServiceLookup.CallSiteRuntimeResolver.VisitFactory(FactoryCallSite factoryCallSite, RuntimeResolverContext context)
   at Microsoft.Extensions.DependencyInjection.ServiceLookup.CallSiteVisitor`2.VisitCallSiteMain(ServiceCallSite callSite, TArgument argument)
   at Microsoft.Extensions.DependencyInjection.ServiceLookup.CallSiteRuntimeResolver.VisitCache(ServiceCallSite callSite, RuntimeResolverContext context, ServiceProviderEngineScope serviceProviderEngine, RuntimeResolverLock lockType)
   at Microsoft.Extensions.DependencyInjection.ServiceLookup.CallSiteRuntimeResolver.VisitScopeCache(ServiceCallSite singletonCallSite, RuntimeResolverContext context)
   at Microsoft.Extensions.DependencyInjection.ServiceLookup.CallSiteVisitor`2.VisitCallSite(ServiceCallSite callSite, TArgument argument)
   at Microsoft.Extensions.DependencyInjection.ServiceLookup.CallSiteRuntimeResolver.VisitConstructor(ConstructorCallSite constructorCallSite, RuntimeResolverContext context)
   at Microsoft.Extensions.DependencyInjection.ServiceLookup.CallSiteVisitor`2.VisitCallSiteMain(ServiceCallSite callSite, TArgument argument)
   at Microsoft.Extensions.DependencyInjection.ServiceLookup.CallSiteRuntimeResolver.VisitCache(ServiceCallSite callSite, RuntimeResolverContext context, ServiceProviderEngineScope serviceProviderEngine, RuntimeResolverLock lockType)
   at Microsoft.Extensions.DependencyInjection.ServiceLookup.CallSiteRuntimeResolver.VisitScopeCache(ServiceCallSite singletonCallSite, RuntimeResolverContext context)
   at Microsoft.Extensions.DependencyInjection.ServiceLookup.CallSiteVisitor`2.VisitCallSite(ServiceCallSite callSite, TArgument argument)
   at Microsoft.Extensions.DependencyInjection.ServiceLookup.CallSiteRuntimeResolver.VisitConstructor(ConstructorCallSite constructorCallSite, RuntimeResolverContext context)
   at Microsoft.Extensions.DependencyInjection.ServiceLookup.CallSiteVisitor`2.VisitCallSiteMain(ServiceCallSite callSite, TArgument argument)
   at Microsoft.Extensions.DependencyInjection.ServiceLookup.CallSiteRuntimeResolver.VisitCache(ServiceCallSite callSite, RuntimeResolverContext context, ServiceProviderEngineScope serviceProviderEngine, RuntimeResolverLock lockType)
   at Microsoft.Extensions.DependencyInjection.ServiceLookup.CallSiteRuntimeResolver.VisitScopeCache(ServiceCallSite singletonCallSite, RuntimeResolverContext context)
   at Microsoft.Extensions.DependencyInjection.ServiceLookup.CallSiteVisitor`2.VisitCallSite(ServiceCallSite callSite, TArgument argument)
   at Microsoft.Extensions.DependencyInjection.ServiceLookup.CallSiteRuntimeResolver.Resolve(ServiceCallSite callSite, ServiceProviderEngineScope scope)
   at Microsoft.Extensions.DependencyInjection.ServiceLookup.DynamicServiceProviderEngine.<>c__DisplayClass1_0.<RealizeService>b__0(ServiceProviderEngineScope scope)
   at Microsoft.Extensions.DependencyInjection.ServiceLookup.ServiceProviderEngine.GetService(Type serviceType, ServiceProviderEngineScope serviceProviderEngineScope)
   at Microsoft.Extensions.DependencyInjection.ServiceLookup.ServiceProviderEngineScope.GetService(Type serviceType)
   at Microsoft.Extensions.DependencyInjection.ActivatorUtilities.GetService(IServiceProvider sp, Type type, Type requiredBy, Boolean isDefaultParameterRequired)
   at lambda_method(Closure , IServiceProvider , Object[] )
   at Microsoft.AspNetCore.Mvc.Controllers.ControllerActivatorProvider.<>c__DisplayClass4_0.<CreateActivator>b__0(ControllerContext controllerContext)
   at Microsoft.AspNetCore.Mvc.Controllers.ControllerFactoryProvider.<>c__DisplayClass5_0.<CreateControllerFactory>g__CreateController|0(ControllerContext controllerContext)
   at Microsoft.AspNetCore.Mvc.Infrastructure.ControllerActionInvoker.Next(State& next, Scope& scope, Object& state, Boolean& isCompleted)
   at Microsoft.AspNetCore.Mvc.Infrastructure.ControllerActionInvoker.InvokeInnerFilterAsync()
--- End of stack trace from previous location where exception was thrown ---
   at Microsoft.AspNetCore.Mvc.Infrastructure.ResourceInvoker.<InvokeFilterPipelineAsync>g__Awaited|19_0(ResourceInvoker invoker, Task lastTask, State next, Scope scope, Object state, Boolean isCompleted)
   at Microsoft.AspNetCore.Mvc.Infrastructure.ResourceInvoker.<InvokeAsync>g__Awaited|17_0(ResourceInvoker invoker, Task task, IDisposable scope)
   at Microsoft.AspNetCore.Routing.EndpointMiddleware.<Invoke>g__AwaitRequestTask|6_0(Endpoint endpoint, Task requestTask, ILogger logger)
   at Microsoft.AspNetCore.Authorization.AuthorizationMiddleware.Invoke(HttpContext context)
   at Microsoft.AspNetCore.Authentication.AuthenticationMiddleware.Invoke(HttpContext context)
   at Swashbuckle.AspNetCore.SwaggerUI.SwaggerUIMiddleware.Invoke(HttpContext httpContext)
   at Swashbuckle.AspNetCore.Swagger.SwaggerMiddleware.Invoke(HttpContext httpContext, ISwaggerProvider swaggerProvider)
   at Microsoft.AspNetCore.Diagnostics.DeveloperExceptionPageMiddleware.Invoke(HttpContext context)
2021-06-12 13:33:14,896 [10] ERROR Microsoft.AspNetCore.Diagnostics.DeveloperExceptionPageMiddleware - An unhandled exception has occurred while executing the request.
System.ArgumentNullException: Value cannot be null. (Parameter 'connectionString')
   at Microsoft.EntityFrameworkCore.Utilities.Check.NotEmpty(String value, String parameterName)
   at Microsoft.EntityFrameworkCore.SqlServerDbContextOptionsExtensions.UseSqlServer(DbContextOptionsBuilder optionsBuilder, String connectionString, Action`1 sqlServerOptionsAction)
   at ProductMicroservices.Startup.<ConfigureServices>b__4_0(DbContextOptionsBuilder options) in C:\Users\zinga\Documents\GitHub\Retail-Product-Management\ProductMicroservices\ProductMicroservices\Startup.cs:line 41
   at Microsoft.Extensions.DependencyInjection.EntityFrameworkServiceCollectionExtensions.<>c__DisplayClass1_0`2.<AddDbContext>b__0(IServiceProvider p, DbContextOptionsBuilder b)
   at Microsoft.Extensions.DependencyInjection.EntityFrameworkServiceCollectionExtensions.CreateDbContextOptions[TContext](IServiceProvider applicationServiceProvider, Action`2 optionsAction)
   at Microsoft.Extensions.DependencyInjection.EntityFrameworkServiceCollectionExtensions.<>c__DisplayClass17_0`1.<AddCoreServices>b__0(IServiceProvider p)
   at Microsoft.Extensions.DependencyInjection.ServiceLookup.CallSiteRuntimeResolver.VisitFactory(FactoryCallSite factoryCallSite, RuntimeResolverContext context)
   at Microsoft.Extensions.DependencyInjection.ServiceLookup.CallSiteVisitor`2.VisitCallSiteMain(ServiceCallSite callSite, TArgument argument)
   at Microsoft.Extensions.DependencyInjection.ServiceLookup.CallSiteRuntimeResolver.VisitCache(ServiceCallSite callSite, RuntimeResolverContext context, ServiceProviderEngineScope serviceProviderEngine, RuntimeResolverLock lockType)
   at Microsoft.Extensions.DependencyInjection.ServiceLookup.CallSiteRuntimeResolver.VisitScopeCache(ServiceCallSite singletonCallSite, RuntimeResolverContext context)
   at Microsoft.Extensions.DependencyInjection.ServiceLookup.CallSiteVisitor`2.VisitCallSite(ServiceCallSite callSite, TArgument argument)
   at Microsoft.Extensions.DependencyInjection.ServiceLookup.CallSiteRuntimeResolver.VisitConstructor(ConstructorCallSite constructorCallSite, RuntimeResolverContext context)
   at Microsoft.Extensions.DependencyInjection.ServiceLookup.CallSiteVisitor`2.VisitCallSiteMain(ServiceCallSite callSite, TArgument argument)
   at Microsoft.Extensions.DependencyInjection.ServiceLookup.CallSiteRuntimeResolver.VisitCache(ServiceCallSite callSite, RuntimeResolverContext context, ServiceProviderEngineScope serviceProviderEngine, RuntimeResolverLock lockType)
   at Microsoft.Extensions.DependencyInjection.ServiceLookup.CallSiteRuntimeResolver.VisitScopeCache(ServiceCallSite singletonCallSite, RuntimeResolverContext context)
   at Microsoft.Extensions.DependencyInjection.ServiceLookup.CallSiteVisitor`2.VisitCallSite(ServiceCallSite callSite, TArgument argument)
   at Microsoft.Extensions.DependencyInjection.ServiceLookup.CallSiteRuntimeResolver.VisitConstructor(ConstructorCallSite constructorCallSite, RuntimeResolverContext context)
   at Microsoft.Extensions.DependencyInjection.ServiceLookup.CallSiteVisitor`2.VisitCallSiteMain(ServiceCallSite callSite, TArgument argument)
   at Microsoft.Extensions.DependencyInjection.ServiceLookup.CallSiteRuntimeResolver.VisitCache(ServiceCallSite callSite, RuntimeResolverContext context, ServiceProviderEngineScope serviceProviderEngine, RuntimeResolverLock lockType)
   at Microsoft.Extensions.DependencyInjection.ServiceLookup.CallSiteRuntimeResolver.VisitScopeCache(ServiceCallSite singletonCallSite, RuntimeResolverContext context)
   at Microsoft.Extensions.DependencyInjection.ServiceLookup.CallSiteVisitor`2.VisitCallSite(ServiceCallSite callSite, TArgument argument)
   at Microsoft.Extensions.DependencyInjection.ServiceLookup.CallSiteRuntimeResolver.Resolve(ServiceCallSite callSite, ServiceProviderEngineScope scope)
   at Microsoft.Extensions.DependencyInjection.ServiceLookup.DynamicServiceProviderEngine.<>c__DisplayClass1_0.<RealizeService>b__0(ServiceProviderEngineScope scope)
   at Microsoft.Extensions.DependencyInjection.ServiceLookup.ServiceProviderEngine.GetService(Type serviceType, ServiceProviderEngineScope serviceProviderEngineScope)
   at Microsoft.Extensions.DependencyInjection.ServiceLookup.ServiceProviderEngineScope.GetService(Type serviceType)
   at Microsoft.Extensions.DependencyInjection.ActivatorUtilities.GetService(IServiceProvider sp, Type type, Type requiredBy, Boolean isDefaultParameterRequired)
   at lambda_method(Closure , IServiceProvider , Object[] )
   at Microsoft.AspNetCore.Mvc.Controllers.ControllerActivatorProvider.<>c__DisplayClass4_0.<CreateActivator>b__0(ControllerContext controllerContext)
   at Microsoft.AspNetCore.Mvc.Controllers.ControllerFactoryProvider.<>c__DisplayClass5_0.<CreateControllerFactory>g__CreateController|0(ControllerContext controllerContext)
   at Microsoft.AspNetCore.Mvc.Infrastructure.ControllerActionInvoker.Next(State& next, Scope& scope, Object& state, Boolean& isCompleted)
   at Microsoft.AspNetCore.Mvc.Infrastructure.ControllerActionInvoker.InvokeInnerFilterAsync()
--- End of stack trace from previous location where exception was thrown ---
   at Microsoft.AspNetCore.Mvc.Infrastructure.ResourceInvoker.<InvokeFilterPipelineAsync>g__Awaited|19_0(ResourceInvoker invoker, Task lastTask, State next, Scope scope, Object state, Boolean isCompleted)
   at Microsoft.AspNetCore.Mvc.Infrastructure.ResourceInvoker.<InvokeAsync>g__Awaited|17_0(ResourceInvoker invoker, Task task, IDisposable scope)
   at Microsoft.AspNetCore.Routing.EndpointMiddleware.<Invoke>g__AwaitRequestTask|6_0(Endpoint endpoint, Task requestTask, ILogger logger)
   at Microsoft.AspNetCore.Authorization.AuthorizationMiddleware.Invoke(HttpContext context)
   at Microsoft.AspNetCore.Authentication.AuthenticationMiddleware.Invoke(HttpContext context)
   at Swashbuckle.AspNetCore.SwaggerUI.SwaggerUIMiddleware.Invoke(HttpContext httpContext)
   at Swashbuckle.AspNetCore.Swagger.SwaggerMiddleware.Invoke(HttpContext httpContext, ISwaggerProvider swaggerProvider)
   at Microsoft.AspNetCore.Diagnostics.DeveloperExceptionPageMiddleware.Invoke(HttpContext context)
2021-06-12 13:36:35,614 [1] INFO Microsoft.Hosting.Lifetime - Application started. Press Ctrl+C to shut down.
2021-06-12 13:36:35,629 [1] INFO Microsoft.Hosting.Lifetime - Application started. Press Ctrl+C to shut down.
2021-06-12 13:36:35,632 [1] INFO Microsoft.Hosting.Lifetime - Hosting environment: Development
2021-06-12 13:36:35,632 [1] INFO Microsoft.Hosting.Lifetime - Hosting environment: Development
2021-06-12 13:36:35,632 [1] INFO Microsoft.Hosting.Lifetime - Content root path: C:\Users\zinga\Documents\GitHub\Retail-Product-Management\ProductMicroservices\ProductMicroservices
2021-06-12 13:36:35,632 [1] INFO Microsoft.Hosting.Lifetime - Content root path: C:\Users\zinga\Documents\GitHub\Retail-Product-Management\ProductMicroservices\ProductMicroservices
2021-06-12 13:36:35,700 [9] WARN Microsoft.AspNetCore.HttpsPolicy.HttpsRedirectionMiddleware - Failed to determine the https port for redirect.
2021-06-12 13:36:35,700 [9] WARN Microsoft.AspNetCore.HttpsPolicy.HttpsRedirectionMiddleware - Failed to determine the https port for redirect.
2021-06-12 13:36:55,845 [10] INFO ProductMicroservices.Controllers.ProductController - Logger initiated
2021-06-12 13:36:55,856 [10] INFO ProductMicroservices.Controllers.ProductController - Searching product by productId
2021-06-12 13:38:05,338 [1] INFO Microsoft.Hosting.Lifetime - Application started. Press Ctrl+C to shut down.
2021-06-12 13:38:05,347 [1] INFO Microsoft.Hosting.Lifetime - Application started. Press Ctrl+C to shut down.
2021-06-12 13:38:05,349 [1] INFO Microsoft.Hosting.Lifetime - Hosting environment: Development
2021-06-12 13:38:05,349 [1] INFO Microsoft.Hosting.Lifetime - Hosting environment: Development
2021-06-12 13:38:05,350 [1] INFO Microsoft.Hosting.Lifetime - Content root path: C:\Users\zinga\Documents\GitHub\Retail-Product-Management\ProductMicroservices\ProductMicroservices
2021-06-12 13:38:05,350 [1] INFO Microsoft.Hosting.Lifetime - Content root path: C:\Users\zinga\Documents\GitHub\Retail-Product-Management\ProductMicroservices\ProductMicroservices
2021-06-12 13:38:05,407 [10] WARN Microsoft.AspNetCore.HttpsPolicy.HttpsRedirectionMiddleware - Failed to determine the https port for redirect.
2021-06-12 13:38:05,407 [10] WARN Microsoft.AspNetCore.HttpsPolicy.HttpsRedirectionMiddleware - Failed to determine the https port for redirect.
2021-06-12 13:38:24,771 [9] ERROR Microsoft.AspNetCore.Diagnostics.DeveloperExceptionPageMiddleware - An unhandled exception has occurred while executing the request.
System.InvalidOperationException: No authenticationScheme was specified, and there was no DefaultChallengeScheme found. The default schemes can be set using either AddAuthentication(string defaultScheme) or AddAuthentication(Action<AuthenticationOptions> configureOptions).
   at Microsoft.AspNetCore.Authentication.AuthenticationService.ChallengeAsync(HttpContext context, String scheme, AuthenticationProperties properties)
   at Microsoft.AspNetCore.Authorization.AuthorizationMiddleware.Invoke(HttpContext context)
   at Microsoft.AspNetCore.Authentication.AuthenticationMiddleware.Invoke(HttpContext context)
   at Swashbuckle.AspNetCore.SwaggerUI.SwaggerUIMiddleware.Invoke(HttpContext httpContext)
   at Swashbuckle.AspNetCore.Swagger.SwaggerMiddleware.Invoke(HttpContext httpContext, ISwaggerProvider swaggerProvider)
   at Microsoft.AspNetCore.Diagnostics.DeveloperExceptionPageMiddleware.Invoke(HttpContext context)
2021-06-12 13:38:24,774 [9] ERROR Microsoft.AspNetCore.Diagnostics.DeveloperExceptionPageMiddleware - An unhandled exception has occurred while executing the request.
System.InvalidOperationException: No authenticationScheme was specified, and there was no DefaultChallengeScheme found. The default schemes can be set using either AddAuthentication(string defaultScheme) or AddAuthentication(Action<AuthenticationOptions> configureOptions).
   at Microsoft.AspNetCore.Authentication.AuthenticationService.ChallengeAsync(HttpContext context, String scheme, AuthenticationProperties properties)
   at Microsoft.AspNetCore.Authorization.AuthorizationMiddleware.Invoke(HttpContext context)
   at Microsoft.AspNetCore.Authentication.AuthenticationMiddleware.Invoke(HttpContext context)
   at Swashbuckle.AspNetCore.SwaggerUI.SwaggerUIMiddleware.Invoke(HttpContext httpContext)
   at Swashbuckle.AspNetCore.Swagger.SwaggerMiddleware.Invoke(HttpContext httpContext, ISwaggerProvider swaggerProvider)
   at Microsoft.AspNetCore.Diagnostics.DeveloperExceptionPageMiddleware.Invoke(HttpContext context)
2021-06-12 13:38:46,568 [6] ERROR Microsoft.AspNetCore.Diagnostics.DeveloperExceptionPageMiddleware - An unhandled exception has occurred while executing the request.
System.InvalidOperationException: No authenticationScheme was specified, and there was no DefaultChallengeScheme found. The default schemes can be set using either AddAuthentication(string defaultScheme) or AddAuthentication(Action<AuthenticationOptions> configureOptions).
   at Microsoft.AspNetCore.Authentication.AuthenticationService.ChallengeAsync(HttpContext context, String scheme, AuthenticationProperties properties)
   at Microsoft.AspNetCore.Authorization.AuthorizationMiddleware.Invoke(HttpContext context)
   at Microsoft.AspNetCore.Authentication.AuthenticationMiddleware.Invoke(HttpContext context)
   at Swashbuckle.AspNetCore.SwaggerUI.SwaggerUIMiddleware.Invoke(HttpContext httpContext)
   at Swashbuckle.AspNetCore.Swagger.SwaggerMiddleware.Invoke(HttpContext httpContext, ISwaggerProvider swaggerProvider)
   at Microsoft.AspNetCore.Diagnostics.DeveloperExceptionPageMiddleware.Invoke(HttpContext context)
2021-06-12 13:38:46,569 [6] ERROR Microsoft.AspNetCore.Diagnostics.DeveloperExceptionPageMiddleware - An unhandled exception has occurred while executing the request.
System.InvalidOperationException: No authenticationScheme was specified, and there was no DefaultChallengeScheme found. The default schemes can be set using either AddAuthentication(string defaultScheme) or AddAuthentication(Action<AuthenticationOptions> configureOptions).
   at Microsoft.AspNetCore.Authentication.AuthenticationService.ChallengeAsync(HttpContext context, String scheme, AuthenticationProperties properties)
   at Microsoft.AspNetCore.Authorization.AuthorizationMiddleware.Invoke(HttpContext context)
   at Microsoft.AspNetCore.Authentication.AuthenticationMiddleware.Invoke(HttpContext context)
   at Swashbuckle.AspNetCore.SwaggerUI.SwaggerUIMiddleware.Invoke(HttpContext httpContext)
   at Swashbuckle.AspNetCore.Swagger.SwaggerMiddleware.Invoke(HttpContext httpContext, ISwaggerProvider swaggerProvider)
   at Microsoft.AspNetCore.Diagnostics.DeveloperExceptionPageMiddleware.Invoke(HttpContext context)
2021-06-12 13:39:09,337 [1] INFO Microsoft.Hosting.Lifetime - Application started. Press Ctrl+C to shut down.
2021-06-12 13:39:09,347 [1] INFO Microsoft.Hosting.Lifetime - Application started. Press Ctrl+C to shut down.
2021-06-12 13:39:09,349 [1] INFO Microsoft.Hosting.Lifetime - Hosting environment: Development
2021-06-12 13:39:09,349 [1] INFO Microsoft.Hosting.Lifetime - Hosting environment: Development
2021-06-12 13:39:09,350 [1] INFO Microsoft.Hosting.Lifetime - Content root path: C:\Users\zinga\Documents\GitHub\Retail-Product-Management\ProductMicroservices\ProductMicroservices
2021-06-12 13:39:09,350 [1] INFO Microsoft.Hosting.Lifetime - Content root path: C:\Users\zinga\Documents\GitHub\Retail-Product-Management\ProductMicroservices\ProductMicroservices
2021-06-12 13:39:09,404 [10] WARN Microsoft.AspNetCore.HttpsPolicy.HttpsRedirectionMiddleware - Failed to determine the https port for redirect.
2021-06-12 13:39:09,405 [10] WARN Microsoft.AspNetCore.HttpsPolicy.HttpsRedirectionMiddleware - Failed to determine the https port for redirect.
2021-06-12 13:39:16,547 [10] INFO ProductMicroservices.Controllers.ProductController - Logger initiated
2021-06-12 13:39:16,558 [10] INFO ProductMicroservices.Controllers.ProductController - Searching product by productId
2021-06-12 14:41:57,254 [1] INFO Microsoft.Hosting.Lifetime - Application started. Press Ctrl+C to shut down.
2021-06-12 14:41:57,263 [1] INFO Microsoft.Hosting.Lifetime - Application started. Press Ctrl+C to shut down.
2021-06-12 14:41:57,271 [1] INFO Microsoft.Hosting.Lifetime - Hosting environment: Development
2021-06-12 14:41:57,271 [1] INFO Microsoft.Hosting.Lifetime - Hosting environment: Development
2021-06-12 14:41:57,271 [1] INFO Microsoft.Hosting.Lifetime - Content root path: C:\Users\zinga\Documents\GitHub\Retail-Product-Management\ProductMicroservices\ProductMicroservices
2021-06-12 14:41:57,271 [1] INFO Microsoft.Hosting.Lifetime - Content root path: C:\Users\zinga\Documents\GitHub\Retail-Product-Management\ProductMicroservices\ProductMicroservices
2021-06-12 14:42:04,706 [8] WARN Microsoft.AspNetCore.HttpsPolicy.HttpsRedirectionMiddleware - Failed to determine the https port for redirect.
2021-06-12 14:42:04,706 [8] WARN Microsoft.AspNetCore.HttpsPolicy.HttpsRedirectionMiddleware - Failed to determine the https port for redirect.
2021-06-12 14:42:04,886 [8] INFO ProductMicroservices.Controllers.ProductController - Logger initiated
2021-06-12 14:42:04,887 [8] INFO ProductMicroservices.Controllers.ProductController - Loading all available product
2021-06-12 14:42:50,157 [5] INFO ProductMicroservices.Controllers.ProductController - Logger initiated
2021-06-12 14:42:50,208 [5] INFO ProductMicroservices.Controllers.ProductController - Searching product by productName
2021-06-12 14:42:57,359 [13] INFO ProductMicroservices.Controllers.ProductController - Logger initiated
2021-06-12 14:42:57,361 [13] INFO ProductMicroservices.Controllers.ProductController - Searching product by productName
2021-06-12 14:44:57,742 [1] INFO Microsoft.Hosting.Lifetime - Application started. Press Ctrl+C to shut down.
2021-06-12 14:44:57,752 [1] INFO Microsoft.Hosting.Lifetime - Application started. Press Ctrl+C to shut down.
2021-06-12 14:44:57,754 [1] INFO Microsoft.Hosting.Lifetime - Hosting environment: Development
2021-06-12 14:44:57,754 [1] INFO Microsoft.Hosting.Lifetime - Hosting environment: Development
2021-06-12 14:44:57,754 [1] INFO Microsoft.Hosting.Lifetime - Content root path: C:\Users\zinga\Documents\GitHub\Retail-Product-Management\ProductMicroservices\ProductMicroservices
2021-06-12 14:44:57,754 [1] INFO Microsoft.Hosting.Lifetime - Content root path: C:\Users\zinga\Documents\GitHub\Retail-Product-Management\ProductMicroservices\ProductMicroservices
2021-06-12 14:51:18,207 [10] WARN Microsoft.AspNetCore.HttpsPolicy.HttpsRedirectionMiddleware - Failed to determine the https port for redirect.
2021-06-12 14:51:18,207 [10] WARN Microsoft.AspNetCore.HttpsPolicy.HttpsRedirectionMiddleware - Failed to determine the https port for redirect.
2021-06-12 14:51:19,331 [10] ERROR Microsoft.AspNetCore.Diagnostics.DeveloperExceptionPageMiddleware - An unhandled exception has occurred while executing the request.
System.InvalidOperationException: No authenticationScheme was specified, and there was no DefaultChallengeScheme found. The default schemes can be set using either AddAuthentication(string defaultScheme) or AddAuthentication(Action<AuthenticationOptions> configureOptions).
   at Microsoft.AspNetCore.Authentication.AuthenticationService.ChallengeAsync(HttpContext context, String scheme, AuthenticationProperties properties)
   at Microsoft.AspNetCore.Authorization.AuthorizationMiddleware.Invoke(HttpContext context)
   at Microsoft.AspNetCore.Authentication.AuthenticationMiddleware.Invoke(HttpContext context)
   at Swashbuckle.AspNetCore.SwaggerUI.SwaggerUIMiddleware.Invoke(HttpContext httpContext)
   at Swashbuckle.AspNetCore.Swagger.SwaggerMiddleware.Invoke(HttpContext httpContext, ISwaggerProvider swaggerProvider)
   at Microsoft.AspNetCore.Diagnostics.DeveloperExceptionPageMiddleware.Invoke(HttpContext context)
2021-06-12 14:51:19,339 [10] ERROR Microsoft.AspNetCore.Diagnostics.DeveloperExceptionPageMiddleware - An unhandled exception has occurred while executing the request.
System.InvalidOperationException: No authenticationScheme was specified, and there was no DefaultChallengeScheme found. The default schemes can be set using either AddAuthentication(string defaultScheme) or AddAuthentication(Action<AuthenticationOptions> configureOptions).
   at Microsoft.AspNetCore.Authentication.AuthenticationService.ChallengeAsync(HttpContext context, String scheme, AuthenticationProperties properties)
   at Microsoft.AspNetCore.Authorization.AuthorizationMiddleware.Invoke(HttpContext context)
   at Microsoft.AspNetCore.Authentication.AuthenticationMiddleware.Invoke(HttpContext context)
   at Swashbuckle.AspNetCore.SwaggerUI.SwaggerUIMiddleware.Invoke(HttpContext httpContext)
   at Swashbuckle.AspNetCore.Swagger.SwaggerMiddleware.Invoke(HttpContext httpContext, ISwaggerProvider swaggerProvider)
   at Microsoft.AspNetCore.Diagnostics.DeveloperExceptionPageMiddleware.Invoke(HttpContext context)
2021-06-12 14:54:52,942 [1] INFO Microsoft.Hosting.Lifetime - Application started. Press Ctrl+C to shut down.
2021-06-12 14:54:52,952 [1] INFO Microsoft.Hosting.Lifetime - Application started. Press Ctrl+C to shut down.
2021-06-12 14:54:52,956 [1] INFO Microsoft.Hosting.Lifetime - Hosting environment: Development
2021-06-12 14:54:52,956 [1] INFO Microsoft.Hosting.Lifetime - Hosting environment: Development
2021-06-12 14:54:52,956 [1] INFO Microsoft.Hosting.Lifetime - Content root path: C:\Users\zinga\Documents\GitHub\Retail-Product-Management\ProductMicroservices\ProductMicroservices
2021-06-12 14:54:52,956 [1] INFO Microsoft.Hosting.Lifetime - Content root path: C:\Users\zinga\Documents\GitHub\Retail-Product-Management\ProductMicroservices\ProductMicroservices
2021-06-12 14:55:22,565 [5] WARN Microsoft.AspNetCore.HttpsPolicy.HttpsRedirectionMiddleware - Failed to determine the https port for redirect.
2021-06-12 14:55:22,565 [5] WARN Microsoft.AspNetCore.HttpsPolicy.HttpsRedirectionMiddleware - Failed to determine the https port for redirect.
2021-06-12 14:55:22,617 [5] ERROR Microsoft.AspNetCore.Diagnostics.DeveloperExceptionPageMiddleware - An unhandled exception has occurred while executing the request.
System.InvalidOperationException: No authenticationScheme was specified, and there was no DefaultChallengeScheme found. The default schemes can be set using either AddAuthentication(string defaultScheme) or AddAuthentication(Action<AuthenticationOptions> configureOptions).
   at Microsoft.AspNetCore.Authentication.AuthenticationService.ChallengeAsync(HttpContext context, String scheme, AuthenticationProperties properties)
   at Microsoft.AspNetCore.Authorization.AuthorizationMiddleware.Invoke(HttpContext context)
   at Microsoft.AspNetCore.Authentication.AuthenticationMiddleware.Invoke(HttpContext context)
   at Swashbuckle.AspNetCore.SwaggerUI.SwaggerUIMiddleware.Invoke(HttpContext httpContext)
   at Swashbuckle.AspNetCore.Swagger.SwaggerMiddleware.Invoke(HttpContext httpContext, ISwaggerProvider swaggerProvider)
   at Microsoft.AspNetCore.Diagnostics.DeveloperExceptionPageMiddleware.Invoke(HttpContext context)
2021-06-12 14:55:22,620 [5] ERROR Microsoft.AspNetCore.Diagnostics.DeveloperExceptionPageMiddleware - An unhandled exception has occurred while executing the request.
System.InvalidOperationException: No authenticationScheme was specified, and there was no DefaultChallengeScheme found. The default schemes can be set using either AddAuthentication(string defaultScheme) or AddAuthentication(Action<AuthenticationOptions> configureOptions).
   at Microsoft.AspNetCore.Authentication.AuthenticationService.ChallengeAsync(HttpContext context, String scheme, AuthenticationProperties properties)
   at Microsoft.AspNetCore.Authorization.AuthorizationMiddleware.Invoke(HttpContext context)
   at Microsoft.AspNetCore.Authentication.AuthenticationMiddleware.Invoke(HttpContext context)
   at Swashbuckle.AspNetCore.SwaggerUI.SwaggerUIMiddleware.Invoke(HttpContext httpContext)
   at Swashbuckle.AspNetCore.Swagger.SwaggerMiddleware.Invoke(HttpContext httpContext, ISwaggerProvider swaggerProvider)
   at Microsoft.AspNetCore.Diagnostics.DeveloperExceptionPageMiddleware.Invoke(HttpContext context)
2021-06-12 14:58:02,550 [1] INFO Microsoft.Hosting.Lifetime - Application started. Press Ctrl+C to shut down.
2021-06-12 14:58:02,563 [1] INFO Microsoft.Hosting.Lifetime - Application started. Press Ctrl+C to shut down.
2021-06-12 14:58:02,564 [1] INFO Microsoft.Hosting.Lifetime - Hosting environment: Development
2021-06-12 14:58:02,564 [1] INFO Microsoft.Hosting.Lifetime - Hosting environment: Development
2021-06-12 14:58:02,564 [1] INFO Microsoft.Hosting.Lifetime - Content root path: C:\Users\zinga\Documents\GitHub\Retail-Product-Management\ProductMicroservices\ProductMicroservices
2021-06-12 14:58:02,564 [1] INFO Microsoft.Hosting.Lifetime - Content root path: C:\Users\zinga\Documents\GitHub\Retail-Product-Management\ProductMicroservices\ProductMicroservices
2021-06-12 14:58:13,746 [4] WARN Microsoft.AspNetCore.HttpsPolicy.HttpsRedirectionMiddleware - Failed to determine the https port for redirect.
2021-06-12 14:58:13,746 [4] WARN Microsoft.AspNetCore.HttpsPolicy.HttpsRedirectionMiddleware - Failed to determine the https port for redirect.
2021-06-12 14:58:14,000 [4] ERROR Microsoft.AspNetCore.Diagnostics.DeveloperExceptionPageMiddleware - An unhandled exception has occurred while executing the request.
System.ArgumentNullException: String reference not set to an instance of a String. (Parameter 's')
   at System.Text.Encoding.GetBytes(String s)
   at ProductMicroservices.Startup.<ConfigureServices>b__4_2(JwtBearerOptions options) in C:\Users\zinga\Documents\GitHub\Retail-Product-Management\ProductMicroservices\ProductMicroservices\Startup.cs:line 54
   at Microsoft.Extensions.Options.ConfigureNamedOptions`1.Configure(String name, TOptions options)
   at Microsoft.Extensions.Options.OptionsFactory`1.Create(String name)
   at Microsoft.Extensions.Options.OptionsMonitor`1.<>c__DisplayClass11_0.<Get>b__0()
   at System.Lazy`1.ViaFactory(LazyThreadSafetyMode mode)
   at System.Lazy`1.ExecutionAndPublication(LazyHelper executionAndPublication, Boolean useDefaultConstructor)
   at System.Lazy`1.CreateValue()
   at System.Lazy`1.get_Value()
   at Microsoft.Extensions.Options.OptionsCache`1.GetOrAdd(String name, Func`1 createOptions)
   at Microsoft.Extensions.Options.OptionsMonitor`1.Get(String name)
   at Microsoft.AspNetCore.Authentication.AuthenticationHandler`1.InitializeAsync(AuthenticationScheme scheme, HttpContext context)
   at Microsoft.AspNetCore.Authentication.AuthenticationHandlerProvider.GetHandlerAsync(HttpContext context, String authenticationScheme)
   at Microsoft.AspNetCore.Authentication.AuthenticationService.AuthenticateAsync(HttpContext context, String scheme)
   at Microsoft.AspNetCore.Authentication.AuthenticationMiddleware.Invoke(HttpContext context)
   at Swashbuckle.AspNetCore.SwaggerUI.SwaggerUIMiddleware.Invoke(HttpContext httpContext)
   at Swashbuckle.AspNetCore.Swagger.SwaggerMiddleware.Invoke(HttpContext httpContext, ISwaggerProvider swaggerProvider)
   at Microsoft.AspNetCore.Diagnostics.DeveloperExceptionPageMiddleware.Invoke(HttpContext context)
2021-06-12 14:58:14,003 [4] ERROR Microsoft.AspNetCore.Diagnostics.DeveloperExceptionPageMiddleware - An unhandled exception has occurred while executing the request.
System.ArgumentNullException: String reference not set to an instance of a String. (Parameter 's')
   at System.Text.Encoding.GetBytes(String s)
   at ProductMicroservices.Startup.<ConfigureServices>b__4_2(JwtBearerOptions options) in C:\Users\zinga\Documents\GitHub\Retail-Product-Management\ProductMicroservices\ProductMicroservices\Startup.cs:line 54
   at Microsoft.Extensions.Options.ConfigureNamedOptions`1.Configure(String name, TOptions options)
   at Microsoft.Extensions.Options.OptionsFactory`1.Create(String name)
   at Microsoft.Extensions.Options.OptionsMonitor`1.<>c__DisplayClass11_0.<Get>b__0()
   at System.Lazy`1.ViaFactory(LazyThreadSafetyMode mode)
   at System.Lazy`1.ExecutionAndPublication(LazyHelper executionAndPublication, Boolean useDefaultConstructor)
   at System.Lazy`1.CreateValue()
   at System.Lazy`1.get_Value()
   at Microsoft.Extensions.Options.OptionsCache`1.GetOrAdd(String name, Func`1 createOptions)
   at Microsoft.Extensions.Options.OptionsMonitor`1.Get(String name)
   at Microsoft.AspNetCore.Authentication.AuthenticationHandler`1.InitializeAsync(AuthenticationScheme scheme, HttpContext context)
   at Microsoft.AspNetCore.Authentication.AuthenticationHandlerProvider.GetHandlerAsync(HttpContext context, String authenticationScheme)
   at Microsoft.AspNetCore.Authentication.AuthenticationService.AuthenticateAsync(HttpContext context, String scheme)
   at Microsoft.AspNetCore.Authentication.AuthenticationMiddleware.Invoke(HttpContext context)
   at Swashbuckle.AspNetCore.SwaggerUI.SwaggerUIMiddleware.Invoke(HttpContext httpContext)
   at Swashbuckle.AspNetCore.Swagger.SwaggerMiddleware.Invoke(HttpContext httpContext, ISwaggerProvider swaggerProvider)
   at Microsoft.AspNetCore.Diagnostics.DeveloperExceptionPageMiddleware.Invoke(HttpContext context)
2021-06-12 14:59:38,854 [1] INFO Microsoft.Hosting.Lifetime - Application started. Press Ctrl+C to shut down.
2021-06-12 14:59:38,872 [1] INFO Microsoft.Hosting.Lifetime - Application started. Press Ctrl+C to shut down.
2021-06-12 14:59:38,873 [1] INFO Microsoft.Hosting.Lifetime - Hosting environment: Development
2021-06-12 14:59:38,873 [1] INFO Microsoft.Hosting.Lifetime - Hosting environment: Development
2021-06-12 14:59:38,873 [1] INFO Microsoft.Hosting.Lifetime - Content root path: C:\Users\zinga\Documents\GitHub\Retail-Product-Management\ProductMicroservices\ProductMicroservices
2021-06-12 14:59:38,873 [1] INFO Microsoft.Hosting.Lifetime - Content root path: C:\Users\zinga\Documents\GitHub\Retail-Product-Management\ProductMicroservices\ProductMicroservices
2021-06-12 14:59:49,070 [13] WARN Microsoft.AspNetCore.HttpsPolicy.HttpsRedirectionMiddleware - Failed to determine the https port for redirect.
2021-06-12 14:59:49,071 [13] WARN Microsoft.AspNetCore.HttpsPolicy.HttpsRedirectionMiddleware - Failed to determine the https port for redirect.
2021-06-12 14:59:49,652 [13] INFO ProductMicroservices.Controllers.ProductController - Logger initiated
2021-06-12 14:59:49,654 [13] INFO ProductMicroservices.Controllers.ProductController - Loading all available product
2021-06-12 17:31:00,127 [1] INFO Microsoft.Hosting.Lifetime - Application started. Press Ctrl+C to shut down.
2021-06-12 17:31:00,151 [1] INFO Microsoft.Hosting.Lifetime - Application started. Press Ctrl+C to shut down.
2021-06-12 17:31:00,153 [1] INFO Microsoft.Hosting.Lifetime - Hosting environment: Development
2021-06-12 17:31:00,153 [1] INFO Microsoft.Hosting.Lifetime - Hosting environment: Development
2021-06-12 17:31:00,153 [1] INFO Microsoft.Hosting.Lifetime - Content root path: C:\Users\zinga\Documents\GitHub\Retail-Product-Management\ProductMicroservices\ProductMicroservices
2021-06-12 17:31:00,153 [1] INFO Microsoft.Hosting.Lifetime - Content root path: C:\Users\zinga\Documents\GitHub\Retail-Product-Management\ProductMicroservices\ProductMicroservices
2021-06-12 17:31:21,916 [6] WARN Microsoft.AspNetCore.HttpsPolicy.HttpsRedirectionMiddleware - Failed to determine the https port for redirect.
2021-06-12 17:31:21,916 [6] WARN Microsoft.AspNetCore.HttpsPolicy.HttpsRedirectionMiddleware - Failed to determine the https port for redirect.
2021-06-12 22:39:32,898 [1] INFO Microsoft.Hosting.Lifetime - Application started. Press Ctrl+C to shut down.
2021-06-12 22:39:32,952 [1] INFO Microsoft.Hosting.Lifetime - Application started. Press Ctrl+C to shut down.
2021-06-12 22:39:32,959 [1] INFO Microsoft.Hosting.Lifetime - Hosting environment: Development
2021-06-12 22:39:32,960 [1] INFO Microsoft.Hosting.Lifetime - Hosting environment: Development
2021-06-12 22:39:32,962 [1] INFO Microsoft.Hosting.Lifetime - Content root path: C:\Users\zinga\Documents\GitHub\Retail-Product-Management\ProductMicroservices\ProductMicroservices
2021-06-12 22:39:32,964 [1] INFO Microsoft.Hosting.Lifetime - Content root path: C:\Users\zinga\Documents\GitHub\Retail-Product-Management\ProductMicroservices\ProductMicroservices
2021-06-12 22:39:50,245 [7] WARN Microsoft.AspNetCore.HttpsPolicy.HttpsRedirectionMiddleware - Failed to determine the https port for redirect.
2021-06-12 22:39:50,245 [7] WARN Microsoft.AspNetCore.HttpsPolicy.HttpsRedirectionMiddleware - Failed to determine the https port for redirect.
2021-06-12 22:40:15,250 [4] INFO ProductMicroservices.Controllers.ProductController - Logger initiated
2021-06-12 22:40:15,269 [4] INFO ProductMicroservices.Controllers.ProductController - Loading all available product
2021-06-12 22:50:51,059 [22] INFO ProductMicroservices.Controllers.ProductController - Logger initiated
2021-06-12 22:50:51,059 [22] INFO ProductMicroservices.Controllers.ProductController - Loading all available product
2021-06-12 22:50:58,512 [24] INFO ProductMicroservices.Controllers.ProductController - Logger initiated
2021-06-12 22:50:58,512 [24] INFO ProductMicroservices.Controllers.ProductController - Loading all available product
2021-06-12 22:50:58,531 [23] INFO ProductMicroservices.Controllers.ProductController - Logger initiated
2021-06-12 22:50:58,531 [23] INFO ProductMicroservices.Controllers.ProductController - Loading all available product
2021-06-12 22:51:39,864 [25] INFO ProductMicroservices.Controllers.ProductController - Logger initiated
2021-06-12 22:51:39,865 [25] INFO ProductMicroservices.Controllers.ProductController - Loading all available product
2021-06-12 22:51:39,877 [27] INFO ProductMicroservices.Controllers.ProductController - Logger initiated
2021-06-12 22:51:39,877 [27] INFO ProductMicroservices.Controllers.ProductController - Loading all available product
2021-06-12 22:52:15,734 [26] INFO ProductMicroservices.Controllers.ProductController - Logger initiated
2021-06-12 22:52:15,735 [26] INFO ProductMicroservices.Controllers.ProductController - Loading all available product
2021-06-12 23:51:14,210 [36] INFO ProductMicroservices.Controllers.ProductController - Logger initiated
2021-06-12 23:51:14,211 [36] INFO ProductMicroservices.Controllers.ProductController - Loading all available product
2021-06-12 23:51:30,451 [36] INFO ProductMicroservices.Controllers.ProductController - Logger initiated
2021-06-12 23:51:30,452 [36] INFO ProductMicroservices.Controllers.ProductController - Loading all available product
2021-06-12 23:51:30,462 [39] INFO ProductMicroservices.Controllers.ProductController - Logger initiated
2021-06-12 23:51:30,462 [39] INFO ProductMicroservices.Controllers.ProductController - Loading all available product
2021-06-12 23:52:55,736 [1] INFO Microsoft.Hosting.Lifetime - Application started. Press Ctrl+C to shut down.
2021-06-12 23:52:55,746 [1] INFO Microsoft.Hosting.Lifetime - Application started. Press Ctrl+C to shut down.
2021-06-12 23:52:55,747 [1] INFO Microsoft.Hosting.Lifetime - Hosting environment: Development
2021-06-12 23:52:55,747 [1] INFO Microsoft.Hosting.Lifetime - Hosting environment: Development
2021-06-12 23:52:55,747 [1] INFO Microsoft.Hosting.Lifetime - Content root path: C:\Users\zinga\Documents\GitHub\Retail-Product-Management\ProductMicroservices\ProductMicroservices
2021-06-12 23:52:55,747 [1] INFO Microsoft.Hosting.Lifetime - Content root path: C:\Users\zinga\Documents\GitHub\Retail-Product-Management\ProductMicroservices\ProductMicroservices
2021-06-12 23:53:02,226 [13] WARN Microsoft.AspNetCore.HttpsPolicy.HttpsRedirectionMiddleware - Failed to determine the https port for redirect.
2021-06-12 23:53:02,226 [13] WARN Microsoft.AspNetCore.HttpsPolicy.HttpsRedirectionMiddleware - Failed to determine the https port for redirect.
2021-06-13 00:45:46,489 [36] INFO ProductMicroservices.Controllers.ProductController - Logger initiated
2021-06-13 00:45:46,490 [36] INFO ProductMicroservices.Controllers.ProductController - Loading all available product
2021-06-13 00:47:57,278 [39] INFO ProductMicroservices.Controllers.ProductController - Logger initiated
2021-06-13 00:47:57,279 [39] INFO ProductMicroservices.Controllers.ProductController - Loading all available product
2021-06-13 00:48:45,029 [43] INFO ProductMicroservices.Controllers.ProductController - Logger initiated
2021-06-13 00:48:45,030 [43] INFO ProductMicroservices.Controllers.ProductController - Loading all available product
2021-06-13 00:48:45,050 [45] INFO ProductMicroservices.Controllers.ProductController - Logger initiated
2021-06-13 00:48:45,050 [45] INFO ProductMicroservices.Controllers.ProductController - Loading all available product
2021-06-13 00:50:32,533 [46] INFO ProductMicroservices.Controllers.ProductController - Logger initiated
2021-06-13 00:50:32,534 [46] INFO ProductMicroservices.Controllers.ProductController - Loading all available product
2021-06-13 00:50:37,543 [50] INFO ProductMicroservices.Controllers.ProductController - Logger initiated
2021-06-13 00:50:37,543 [50] INFO ProductMicroservices.Controllers.ProductController - Loading all available product
2021-06-13 00:50:37,552 [47] INFO ProductMicroservices.Controllers.ProductController - Logger initiated
2021-06-13 00:50:37,552 [47] INFO ProductMicroservices.Controllers.ProductController - Loading all available product
2021-06-13 01:29:40,881 [1] INFO Microsoft.Hosting.Lifetime - Application started. Press Ctrl+C to shut down.
2021-06-13 01:29:40,892 [1] INFO Microsoft.Hosting.Lifetime - Application started. Press Ctrl+C to shut down.
2021-06-13 01:29:40,893 [1] INFO Microsoft.Hosting.Lifetime - Hosting environment: Development
2021-06-13 01:29:40,893 [1] INFO Microsoft.Hosting.Lifetime - Hosting environment: Development
2021-06-13 01:29:40,893 [1] INFO Microsoft.Hosting.Lifetime - Content root path: C:\Users\zinga\Documents\GitHub\Retail-Product-Management\ProductMicroservices\ProductMicroservices
2021-06-13 01:29:40,893 [1] INFO Microsoft.Hosting.Lifetime - Content root path: C:\Users\zinga\Documents\GitHub\Retail-Product-Management\ProductMicroservices\ProductMicroservices
2021-06-13 01:29:40,940 [4] WARN Microsoft.AspNetCore.HttpsPolicy.HttpsRedirectionMiddleware - Failed to determine the https port for redirect.
2021-06-13 01:29:40,940 [4] WARN Microsoft.AspNetCore.HttpsPolicy.HttpsRedirectionMiddleware - Failed to determine the https port for redirect.
2021-06-13 01:29:41,211 [4] INFO ProductMicroservices.Controllers.ProductController - Logger initiated
2021-06-13 01:29:41,213 [4] INFO ProductMicroservices.Controllers.ProductController - Loading all available product
2021-06-13 01:30:06,362 [11] INFO ProductMicroservices.Controllers.ProductController - Logger initiated
2021-06-13 01:30:06,363 [11] INFO ProductMicroservices.Controllers.ProductController - Loading all available product
2021-06-13 01:30:06,413 [12] INFO ProductMicroservices.Controllers.ProductController - Logger initiated
2021-06-13 01:30:06,413 [12] INFO ProductMicroservices.Controllers.ProductController - Loading all available product
2021-06-13 01:33:51,546 [7] INFO ProductMicroservices.Controllers.ProductController - Logger initiated
2021-06-13 01:33:51,548 [7] INFO ProductMicroservices.Controllers.ProductController - Loading all available product
2021-06-13 01:33:58,899 [17] INFO ProductMicroservices.Controllers.ProductController - Logger initiated
2021-06-13 01:33:58,899 [17] INFO ProductMicroservices.Controllers.ProductController - Loading all available product
2021-06-13 01:33:58,912 [17] INFO ProductMicroservices.Controllers.ProductController - Logger initiated
2021-06-13 01:33:58,913 [17] INFO ProductMicroservices.Controllers.ProductController - Loading all available product
2021-06-13 01:34:40,067 [20] INFO ProductMicroservices.Controllers.ProductController - Logger initiated
2021-06-13 01:34:40,067 [20] INFO ProductMicroservices.Controllers.ProductController - Loading all available product
2021-06-13 01:34:40,078 [21] INFO ProductMicroservices.Controllers.ProductController - Logger initiated
2021-06-13 01:34:40,078 [21] INFO ProductMicroservices.Controllers.ProductController - Loading all available product
2021-06-13 01:45:16,846 [27] INFO ProductMicroservices.Controllers.ProductController - Logger initiated
2021-06-13 01:45:16,847 [27] INFO ProductMicroservices.Controllers.ProductController - Loading all available product
2021-06-13 01:45:17,370 [28] INFO ProductMicroservices.Controllers.ProductController - Logger initiated
2021-06-13 01:45:17,371 [28] INFO ProductMicroservices.Controllers.ProductController - Loading all available product
2021-06-13 01:45:28,138 [29] INFO ProductMicroservices.Controllers.ProductController - Logger initiated
2021-06-13 01:45:28,138 [29] INFO ProductMicroservices.Controllers.ProductController - Loading all available product
2021-06-13 01:45:28,193 [30] INFO ProductMicroservices.Controllers.ProductController - Logger initiated
2021-06-13 01:45:28,193 [30] INFO ProductMicroservices.Controllers.ProductController - Loading all available product
2021-06-13 01:45:50,862 [1] INFO Microsoft.Hosting.Lifetime - Application started. Press Ctrl+C to shut down.
2021-06-13 01:45:50,871 [1] INFO Microsoft.Hosting.Lifetime - Application started. Press Ctrl+C to shut down.
2021-06-13 01:45:50,872 [1] INFO Microsoft.Hosting.Lifetime - Hosting environment: Development
2021-06-13 01:45:50,872 [1] INFO Microsoft.Hosting.Lifetime - Hosting environment: Development
2021-06-13 01:45:50,872 [1] INFO Microsoft.Hosting.Lifetime - Content root path: C:\Users\zinga\Documents\GitHub\Retail-Product-Management\ProductMicroservices\ProductMicroservices
2021-06-13 01:45:50,873 [1] INFO Microsoft.Hosting.Lifetime - Content root path: C:\Users\zinga\Documents\GitHub\Retail-Product-Management\ProductMicroservices\ProductMicroservices
2021-06-13 01:45:50,924 [4] WARN Microsoft.AspNetCore.HttpsPolicy.HttpsRedirectionMiddleware - Failed to determine the https port for redirect.
2021-06-13 01:45:50,924 [4] WARN Microsoft.AspNetCore.HttpsPolicy.HttpsRedirectionMiddleware - Failed to determine the https port for redirect.
2021-06-13 01:45:51,313 [4] INFO ProductMicroservices.Controllers.ProductController - Logger initiated
2021-06-13 01:45:51,315 [4] INFO ProductMicroservices.Controllers.ProductController - Loading all available product
2021-06-13 01:45:52,588 [4] INFO ProductMicroservices.Controllers.ProductController - Logger initiated
2021-06-13 01:45:52,589 [4] INFO ProductMicroservices.Controllers.ProductController - Loading all available product
2021-06-13 01:46:04,038 [13] INFO ProductMicroservices.Controllers.ProductController - Logger initiated
2021-06-13 01:46:04,039 [13] INFO ProductMicroservices.Controllers.ProductController - Loading all available product
2021-06-13 01:46:04,058 [4] INFO ProductMicroservices.Controllers.ProductController - Logger initiated
2021-06-13 01:46:04,058 [4] INFO ProductMicroservices.Controllers.ProductController - Loading all available product
2021-06-13 01:46:53,270 [14] INFO ProductMicroservices.Controllers.ProductController - Logger initiated
2021-06-13 01:46:53,270 [14] INFO ProductMicroservices.Controllers.ProductController - Loading all available product
2021-06-13 01:46:53,416 [16] INFO ProductMicroservices.Controllers.ProductController - Logger initiated
2021-06-13 01:46:53,416 [16] INFO ProductMicroservices.Controllers.ProductController - Loading all available product
2021-06-13 01:48:15,141 [17] INFO ProductMicroservices.Controllers.ProductController - Logger initiated
2021-06-13 01:48:15,142 [17] INFO ProductMicroservices.Controllers.ProductController - Loading all available product
2021-06-13 01:48:15,231 [19] INFO ProductMicroservices.Controllers.ProductController - Logger initiated
2021-06-13 01:48:15,232 [19] INFO ProductMicroservices.Controllers.ProductController - Loading all available product
2021-06-13 01:48:19,905 [20] INFO ProductMicroservices.Controllers.ProductController - Logger initiated
2021-06-13 01:48:19,905 [20] INFO ProductMicroservices.Controllers.ProductController - Loading all available product
2021-06-13 01:48:19,915 [20] INFO ProductMicroservices.Controllers.ProductController - Logger initiated
2021-06-13 01:48:19,915 [20] INFO ProductMicroservices.Controllers.ProductController - Loading all available product
