INFO  09:28:58 Application started. Press Ctrl+C to shut down.
INFO  09:28:58 Application started. Press Ctrl+C to shut down.
INFO  09:28:58 Hosting environment: Development
INFO  09:28:58 Hosting environment: Development
INFO  09:28:58 Content root path: C:\Users\zinga\Desktop\Pension-Management-Portal-master\AuthorizationAPI
INFO  09:28:58 Content root path: C:\Users\zinga\Desktop\Pension-Management-Portal-master\AuthorizationAPI
INFO  09:30:23 Login initiated!
INFO  09:30:23 Validating the User!
INFO  10:32:40 Application started. Press Ctrl+C to shut down.
INFO  10:32:40 Application started. Press Ctrl+C to shut down.
INFO  10:32:41 Hosting environment: Development
INFO  10:32:41 Hosting environment: Development
INFO  10:32:41 Content root path: C:\Users\zinga\Desktop\Pension-Management-Portal-master\AuthorizationAPI
INFO  10:32:41 Content root path: C:\Users\zinga\Desktop\Pension-Management-Portal-master\AuthorizationAPI
INFO  10:33:00 Login initiated!
INFO  10:33:00 Validating the User!
INFO  10:33:00 Token Is Generated!
INFO  02:23:58 Application started. Press Ctrl+C to shut down.
INFO  02:23:58 Application started. Press Ctrl+C to shut down.
INFO  02:23:58 Hosting environment: Development
INFO  02:23:58 Hosting environment: Development
INFO  02:23:58 Content root path: C:\Users\zinga\Documents\GitHub\Retail-Product-Management\AuthorizationAPI
INFO  02:23:58 Content root path: C:\Users\zinga\Documents\GitHub\Retail-Product-Management\AuthorizationAPI
INFO  02:24:30 Login initiated!
INFO  02:24:30 Validating the User!
INFO  02:24:48 Login initiated!
INFO  02:24:48 Validating the User!
INFO  02:24:48 Token Is Generated!
INFO  04:16:43 Application started. Press Ctrl+C to shut down.
INFO  04:16:43 Application started. Press Ctrl+C to shut down.
INFO  04:16:43 Hosting environment: Development
INFO  04:16:43 Hosting environment: Development
INFO  04:16:43 Content root path: C:\Users\zinga\Documents\GitHub\Retail-Product-Management\AuthorizationAPI
INFO  04:16:43 Content root path: C:\Users\zinga\Documents\GitHub\Retail-Product-Management\AuthorizationAPI
INFO  04:17:12 Login initiated!
INFO  04:17:12 Validating the User!
INFO  04:17:24 Login initiated!
INFO  04:17:24 Validating the User!
INFO  04:17:24 Token Is Generated!
INFO  04:17:31 Login initiated!
INFO  04:17:31 Validating the User!
INFO  04:17:31 Token Is Generated!
INFO  04:17:36 Login initiated!
INFO  04:17:36 Validating the User!
INFO  04:17:36 Token Is Generated!
INFO  04:18:26 Application started. Press Ctrl+C to shut down.
INFO  04:18:26 Application started. Press Ctrl+C to shut down.
INFO  04:18:26 Hosting environment: Development
INFO  04:18:26 Hosting environment: Development
INFO  04:18:26 Content root path: C:\Users\zinga\Documents\GitHub\Retail-Product-Management\AuthorizationAPI
INFO  04:18:26 Content root path: C:\Users\zinga\Documents\GitHub\Retail-Product-Management\AuthorizationAPI
INFO  04:18:47 Login initiated!
INFO  04:18:47 Validating the User!
INFO  04:18:47 Token Is Generated!
INFO  04:18:58 Login initiated!
INFO  04:18:58 Validating the User!
INFO  04:18:58 Token Is Generated!
INFO  04:19:01 Login initiated!
INFO  04:19:01 Validating the User!
INFO  04:19:01 Token Is Generated!
INFO  02:49:51 Application started. Press Ctrl+C to shut down.
INFO  02:49:51 Application started. Press Ctrl+C to shut down.
INFO  02:49:51 Hosting environment: Development
INFO  02:49:51 Hosting environment: Development
INFO  02:49:51 Content root path: C:\Users\zinga\Documents\GitHub\Retail-Product-Management\AuthorizationAPI
INFO  02:49:51 Content root path: C:\Users\zinga\Documents\GitHub\Retail-Product-Management\AuthorizationAPI
INFO  02:50:18 Login initiated!
INFO  02:50:18 Validating the User!
INFO  02:50:18 Token Is Generated!
