INFO  02:20:47 Application started. Press Ctrl+C to shut down.
INFO  02:20:47 Hosting environment: Development
INFO  02:20:47 Content root path: E:\MFPE\VendorService\VendorService
INFO  02:20:59 Getting Info
INFO  02:25:07 Application started. Press Ctrl+C to shut down.
INFO  02:25:07 Hosting environment: Development
INFO  02:25:07 Content root path: E:\MFPE\VendorService\VendorService
INFO  02:25:16 Getting Info
INFO  02:39:01 Application started. Press Ctrl+C to shut down.
INFO  02:39:01 Hosting environment: Development
INFO  02:39:01 Content root path: E:\MFPE\VendorService\VendorService
INFO  02:39:15 Getting Info
INFO  03:06:48 Application started. Press Ctrl+C to shut down.
INFO  03:06:48 Hosting environment: Development
INFO  03:06:48 Content root path: E:\MFPE\VendorService\VendorService
ERROR 03:06:57 An unhandled exception has occurred while executing the request.
System.InvalidOperationException: No authenticationScheme was specified, and there was no DefaultChallengeScheme found. The default schemes can be set using either AddAuthentication(string defaultScheme) or AddAuthentication(Action<AuthenticationOptions> configureOptions).
   at Microsoft.AspNetCore.Authentication.AuthenticationService.ChallengeAsync(HttpContext context, String scheme, AuthenticationProperties properties)
   at Microsoft.AspNetCore.Authorization.AuthorizationMiddleware.Invoke(HttpContext context)
   at Swashbuckle.AspNetCore.SwaggerUI.SwaggerUIMiddleware.Invoke(HttpContext httpContext)
   at Swashbuckle.AspNetCore.Swagger.SwaggerMiddleware.Invoke(HttpContext httpContext, ISwaggerProvider swaggerProvider)
   at Microsoft.AspNetCore.Diagnostics.DeveloperExceptionPageMiddleware.Invoke(HttpContext context)
INFO  03:15:41 Application started. Press Ctrl+C to shut down.
INFO  03:15:41 Hosting environment: Development
INFO  03:15:41 Content root path: E:\MFPE\VendorService\VendorService
INFO  03:15:56 Getting Info
INFO  07:22:59 Application started. Press Ctrl+C to shut down.
INFO  07:22:59 Hosting environment: Development
INFO  07:22:59 Content root path: E:\MFPE\VendorService\VendorService
INFO  07:23:14 Getting Info
INFO  09:25:51 Application started. Press Ctrl+C to shut down.
INFO  09:25:51 Hosting environment: Development
INFO  09:25:51 Content root path: E:\Module\Retail-Product-Management\VendorService\VendorService
INFO  09:29:44 Application started. Press Ctrl+C to shut down.
INFO  09:29:44 Hosting environment: Development
INFO  09:29:44 Content root path: E:\Module\Retail-Product-Management\VendorService\VendorService
INFO  09:32:52 Application started. Press Ctrl+C to shut down.
INFO  09:32:52 Hosting environment: Development
INFO  09:32:52 Content root path: E:\Module\Retail-Product-Management\VendorService\VendorService
INFO  12:10:03 Application started. Press Ctrl+C to shut down.
INFO  12:10:03 Hosting environment: Development
INFO  12:10:03 Content root path: E:\Module\Retail-Product-Management\VendorService\VendorService
INFO  12:10:44 Getting Info
ERROR 12:10:51 An exception occurred while iterating over the results of a query for context type 'VendorService.Models.VendorContext'.
System.InvalidCastException: Unable to cast object of type 'System.Int32' to type 'System.Double'.
   at Microsoft.Data.SqlClient.SqlBuffer.get_Double()
   at Microsoft.Data.SqlClient.SqlDataReader.GetDouble(Int32 i)
   at lambda_method(Closure , QueryContext , DbDataReader , ResultContext , SingleQueryResultCoordinator )
   at Microsoft.EntityFrameworkCore.Query.Internal.SingleQueryingEnumerable`1.Enumerator.MoveNext()
System.InvalidCastException: Unable to cast object of type 'System.Int32' to type 'System.Double'.
   at Microsoft.Data.SqlClient.SqlBuffer.get_Double()
   at Microsoft.Data.SqlClient.SqlDataReader.GetDouble(Int32 i)
   at lambda_method(Closure , QueryContext , DbDataReader , ResultContext , SingleQueryResultCoordinator )
   at Microsoft.EntityFrameworkCore.Query.Internal.SingleQueryingEnumerable`1.Enumerator.MoveNext()
ERROR 12:10:51 An unhandled exception has occurred while executing the request.
System.InvalidCastException: Unable to cast object of type 'System.Int32' to type 'System.Double'.
   at Microsoft.Data.SqlClient.SqlBuffer.get_Double()
   at Microsoft.Data.SqlClient.SqlDataReader.GetDouble(Int32 i)
   at lambda_method(Closure , QueryContext , DbDataReader , ResultContext , SingleQueryResultCoordinator )
   at Microsoft.EntityFrameworkCore.Query.Internal.SingleQueryingEnumerable`1.Enumerator.MoveNext()
   at System.Linq.Enumerable.SelectEnumerableIterator`2.MoveNext()
   at System.Text.Json.JsonSerializer.HandleEnumerable(JsonClassInfo elementClassInfo, JsonSerializerOptions options, Utf8JsonWriter writer, WriteStack& state)
   at System.Text.Json.JsonSerializer.Write(Utf8JsonWriter writer, Int32 originalWriterDepth, Int32 flushThreshold, JsonSerializerOptions options, WriteStack& state)
   at System.Text.Json.JsonSerializer.WriteAsyncCore(Stream utf8Json, Object value, Type inputType, JsonSerializerOptions options, CancellationToken cancellationToken)
   at Microsoft.AspNetCore.Mvc.Formatters.SystemTextJsonOutputFormatter.WriteResponseBodyAsync(OutputFormatterWriteContext context, Encoding selectedEncoding)
   at Microsoft.AspNetCore.Mvc.Formatters.SystemTextJsonOutputFormatter.WriteResponseBodyAsync(OutputFormatterWriteContext context, Encoding selectedEncoding)
   at Microsoft.AspNetCore.Mvc.Infrastructure.ResourceInvoker.<InvokeNextResultFilterAsync>g__Awaited|29_0[TFilter,TFilterAsync](ResourceInvoker invoker, Task lastTask, State next, Scope scope, Object state, Boolean isCompleted)
   at Microsoft.AspNetCore.Mvc.Infrastructure.ResourceInvoker.Rethrow(ResultExecutedContextSealed context)
   at Microsoft.AspNetCore.Mvc.Infrastructure.ResourceInvoker.ResultNext[TFilter,TFilterAsync](State& next, Scope& scope, Object& state, Boolean& isCompleted)
   at Microsoft.AspNetCore.Mvc.Infrastructure.ResourceInvoker.InvokeResultFilters()
--- End of stack trace from previous location where exception was thrown ---
   at Microsoft.AspNetCore.Mvc.Infrastructure.ResourceInvoker.<InvokeFilterPipelineAsync>g__Awaited|19_0(ResourceInvoker invoker, Task lastTask, State next, Scope scope, Object state, Boolean isCompleted)
   at Microsoft.AspNetCore.Mvc.Infrastructure.ResourceInvoker.<InvokeAsync>g__Awaited|17_0(ResourceInvoker invoker, Task task, IDisposable scope)
   at Microsoft.AspNetCore.Routing.EndpointMiddleware.<Invoke>g__AwaitRequestTask|6_0(Endpoint endpoint, Task requestTask, ILogger logger)
   at Microsoft.AspNetCore.Authorization.AuthorizationMiddleware.Invoke(HttpContext context)
   at Microsoft.AspNetCore.Authentication.AuthenticationMiddleware.Invoke(HttpContext context)
   at Swashbuckle.AspNetCore.SwaggerUI.SwaggerUIMiddleware.Invoke(HttpContext httpContext)
   at Swashbuckle.AspNetCore.Swagger.SwaggerMiddleware.Invoke(HttpContext httpContext, ISwaggerProvider swaggerProvider)
   at Microsoft.AspNetCore.Diagnostics.DeveloperExceptionPageMiddleware.Invoke(HttpContext context)
INFO  12:12:40 Application started. Press Ctrl+C to shut down.
INFO  12:12:40 Hosting environment: Development
INFO  12:12:40 Content root path: E:\Module\Retail-Product-Management\VendorService\VendorService
INFO  12:12:57 Getting Info
